[2023-06-19 17:51:02Z INFO HostContext] No proxy settings were found based on environmental variables (http_proxy/https_proxy/HTTP_PROXY/HTTPS_PROXY)
[2023-06-19 17:51:02Z INFO HostContext] Well known directory 'Bin': '/mnt/SSD1/mrepos/github.com/wilsonify/self-hosted-runner/actions-runner/bin'
[2023-06-19 17:51:02Z INFO HostContext] Well known directory 'Root': '/mnt/SSD1/mrepos/github.com/wilsonify/self-hosted-runner/actions-runner'
[2023-06-19 17:51:02Z INFO HostContext] Well known config file 'Credentials': '/mnt/SSD1/mrepos/github.com/wilsonify/self-hosted-runner/actions-runner/.credentials'
[2023-06-19 17:51:02Z INFO HostContext] Well known directory 'Bin': '/mnt/SSD1/mrepos/github.com/wilsonify/self-hosted-runner/actions-runner/bin'
[2023-06-19 17:51:02Z INFO HostContext] Well known directory 'Root': '/mnt/SSD1/mrepos/github.com/wilsonify/self-hosted-runner/actions-runner'
[2023-06-19 17:51:02Z INFO HostContext] Well known config file 'Runner': '/mnt/SSD1/mrepos/github.com/wilsonify/self-hosted-runner/actions-runner/.runner'
[2023-06-19 17:51:02Z INFO Listener] Runner is built for Linux (X64) - linux-x64.
[2023-06-19 17:51:02Z INFO Listener] RuntimeInformation: Linux 5.19.0-41-generic #42~22.04.1-Ubuntu SMP PREEMPT_DYNAMIC Tue Apr 18 17:40:00 UTC 2.
[2023-06-19 17:51:02Z INFO Listener] Version: 2.305.0
[2023-06-19 17:51:02Z INFO Listener] Commit: 6cbe663c239dba8a109c6ac2801b25f1ed7c51e9
[2023-06-19 17:51:02Z INFO Listener] Culture: en-US
[2023-06-19 17:51:02Z INFO Listener] UI Culture: en-US
[2023-06-19 17:51:02Z INFO HostContext] Well known directory 'Bin': '/mnt/SSD1/mrepos/github.com/wilsonify/self-hosted-runner/actions-runner/bin'
[2023-06-19 17:51:02Z INFO HostContext] Well known directory 'Root': '/mnt/SSD1/mrepos/github.com/wilsonify/self-hosted-runner/actions-runner'
[2023-06-19 17:51:02Z INFO Listener] Validating directory permissions for: '/mnt/SSD1/mrepos/github.com/wilsonify/self-hosted-runner/actions-runner'
[2023-06-19 17:51:02Z INFO CommandLineParser] Parse
[2023-06-19 17:51:02Z INFO CommandLineParser] Parsing 5 args
[2023-06-19 17:51:02Z INFO CommandLineParser] parsing argument
[2023-06-19 17:51:02Z INFO CommandLineParser] HasArgs: False
[2023-06-19 17:51:02Z INFO CommandLineParser] Adding Command: configure
[2023-06-19 17:51:02Z INFO CommandLineParser] parsing argument
[2023-06-19 17:51:02Z INFO CommandLineParser] HasArgs: True
[2023-06-19 17:51:02Z INFO CommandLineParser] arg: url
[2023-06-19 17:51:02Z INFO CommandLineParser] parsing argument
[2023-06-19 17:51:02Z INFO CommandLineParser] HasArgs: True
[2023-06-19 17:51:02Z INFO CommandLineParser] Adding option 'url': 'https://github.com/wilsonify/wilsonify.github.io'
[2023-06-19 17:51:02Z INFO CommandLineParser] parsing argument
[2023-06-19 17:51:02Z INFO CommandLineParser] HasArgs: True
[2023-06-19 17:51:02Z INFO CommandLineParser] arg: token
[2023-06-19 17:51:02Z INFO CommandLineParser] parsing argument
[2023-06-19 17:51:02Z INFO CommandLineParser] HasArgs: True
[2023-06-19 17:51:02Z INFO CommandLineParser] Adding option 'token': '***'
[2023-06-19 17:51:02Z INFO Listener] Arguments parsed
[2023-06-19 17:51:02Z INFO Runner] ExecuteCommand
[2023-06-19 17:51:02Z INFO ConfigurationStore] currentAssemblyLocation: /mnt/SSD1/mrepos/github.com/wilsonify/self-hosted-runner/actions-runner/bin/Runner.Listener.dll
[2023-06-19 17:51:02Z INFO HostContext] Well known directory 'Bin': '/mnt/SSD1/mrepos/github.com/wilsonify/self-hosted-runner/actions-runner/bin'
[2023-06-19 17:51:02Z INFO ConfigurationStore] binPath: /mnt/SSD1/mrepos/github.com/wilsonify/self-hosted-runner/actions-runner/bin
[2023-06-19 17:51:02Z INFO HostContext] Well known directory 'Bin': '/mnt/SSD1/mrepos/github.com/wilsonify/self-hosted-runner/actions-runner/bin'
[2023-06-19 17:51:02Z INFO HostContext] Well known directory 'Root': '/mnt/SSD1/mrepos/github.com/wilsonify/self-hosted-runner/actions-runner'
[2023-06-19 17:51:02Z INFO ConfigurationStore] RootFolder: /mnt/SSD1/mrepos/github.com/wilsonify/self-hosted-runner/actions-runner
[2023-06-19 17:51:02Z INFO HostContext] Well known directory 'Bin': '/mnt/SSD1/mrepos/github.com/wilsonify/self-hosted-runner/actions-runner/bin'
[2023-06-19 17:51:02Z INFO HostContext] Well known directory 'Root': '/mnt/SSD1/mrepos/github.com/wilsonify/self-hosted-runner/actions-runner'
[2023-06-19 17:51:02Z INFO HostContext] Well known config file 'Runner': '/mnt/SSD1/mrepos/github.com/wilsonify/self-hosted-runner/actions-runner/.runner'
[2023-06-19 17:51:02Z INFO ConfigurationStore] ConfigFilePath: /mnt/SSD1/mrepos/github.com/wilsonify/self-hosted-runner/actions-runner/.runner
[2023-06-19 17:51:02Z INFO HostContext] Well known directory 'Bin': '/mnt/SSD1/mrepos/github.com/wilsonify/self-hosted-runner/actions-runner/bin'
[2023-06-19 17:51:02Z INFO HostContext] Well known directory 'Root': '/mnt/SSD1/mrepos/github.com/wilsonify/self-hosted-runner/actions-runner'
[2023-06-19 17:51:02Z INFO HostContext] Well known config file 'Credentials': '/mnt/SSD1/mrepos/github.com/wilsonify/self-hosted-runner/actions-runner/.credentials'
[2023-06-19 17:51:02Z INFO ConfigurationStore] CredFilePath: /mnt/SSD1/mrepos/github.com/wilsonify/self-hosted-runner/actions-runner/.credentials
[2023-06-19 17:51:02Z INFO HostContext] Well known directory 'Bin': '/mnt/SSD1/mrepos/github.com/wilsonify/self-hosted-runner/actions-runner/bin'
[2023-06-19 17:51:02Z INFO HostContext] Well known directory 'Root': '/mnt/SSD1/mrepos/github.com/wilsonify/self-hosted-runner/actions-runner'
[2023-06-19 17:51:02Z INFO HostContext] Well known config file 'MigratedCredentials': '/mnt/SSD1/mrepos/github.com/wilsonify/self-hosted-runner/actions-runner/.credentials_migrated'
[2023-06-19 17:51:02Z INFO ConfigurationStore] MigratedCredFilePath: /mnt/SSD1/mrepos/github.com/wilsonify/self-hosted-runner/actions-runner/.credentials_migrated
[2023-06-19 17:51:02Z INFO HostContext] Well known directory 'Bin': '/mnt/SSD1/mrepos/github.com/wilsonify/self-hosted-runner/actions-runner/bin'
[2023-06-19 17:51:02Z INFO HostContext] Well known directory 'Root': '/mnt/SSD1/mrepos/github.com/wilsonify/self-hosted-runner/actions-runner'
[2023-06-19 17:51:02Z INFO HostContext] Well known config file 'Service': '/mnt/SSD1/mrepos/github.com/wilsonify/self-hosted-runner/actions-runner/.service'
[2023-06-19 17:51:02Z INFO ConfigurationStore] ServiceConfigFilePath: /mnt/SSD1/mrepos/github.com/wilsonify/self-hosted-runner/actions-runner/.service
[2023-06-19 17:51:02Z INFO CommandSettings] Flag 'help': 'False'
[2023-06-19 17:51:02Z INFO CommandSettings] Flag 'version': 'False'
[2023-06-19 17:51:02Z INFO CommandSettings] Flag 'commit': 'False'
[2023-06-19 17:51:02Z INFO CommandSettings] Flag 'check': 'False'
[2023-06-19 17:51:02Z INFO CommandSettings] Command 'configure': 'True'
[2023-06-19 17:51:02Z INFO Terminal] WRITE LINE: 
[2023-06-19 17:51:02Z INFO Terminal] WRITE LINE: --------------------------------------------------------------------------------
[2023-06-19 17:51:02Z INFO Terminal] WRITE LINE: |        ____ _ _   _   _       _          _        _   _                      |
[2023-06-19 17:51:02Z INFO Terminal] WRITE LINE: |       / ___(_) |_| | | |_   _| |__      / \   ___| |_(_) ___  _ __  ___      |
[2023-06-19 17:51:02Z INFO Terminal] WRITE LINE: |      | |  _| | __| |_| | | | | '_ \    / _ \ / __| __| |/ _ \| '_ \/ __|     |
[2023-06-19 17:51:02Z INFO Terminal] WRITE LINE: |      | |_| | | |_|  _  | |_| | |_) |  / ___ \ (__| |_| | (_) | | | \__ \     |
[2023-06-19 17:51:02Z INFO Terminal] WRITE LINE: |       \____|_|\__|_| |_|\__,_|_.__/  /_/   \_\___|\__|_|\___/|_| |_|___/     |
[2023-06-19 17:51:02Z INFO Terminal] WRITE LINE: |                                                                              |
[2023-06-19 17:51:02Z INFO Terminal] WRITE: |                       
[2023-06-19 17:51:02Z INFO Terminal] WRITE: Self-hosted runner registration
[2023-06-19 17:51:02Z INFO Terminal] WRITE LINE:                         |
[2023-06-19 17:51:02Z INFO Terminal] WRITE LINE: |                                                                              |
[2023-06-19 17:51:02Z INFO Terminal] WRITE LINE: --------------------------------------------------------------------------------
[2023-06-19 17:51:02Z INFO ConfigurationManager] ConfigureAsync
[2023-06-19 17:51:02Z INFO CommandSettings] Flag 'generateServiceConfig': 'False'
[2023-06-19 17:51:02Z INFO ConfigurationStore] IsConfigured()
[2023-06-19 17:51:02Z INFO ConfigurationStore] IsConfigured: False
[2023-06-19 17:51:02Z INFO ConfigurationManager] Is configured: False
[2023-06-19 17:51:02Z INFO CommandSettings] Arg 'url': 'https://github.com/wilsonify/wilsonify.github.io'
[2023-06-19 17:51:02Z INFO CommandSettings] Remove url from Arg dictionary.
[2023-06-19 17:51:02Z INFO CommandSettings] Arg 'token': '***'
[2023-06-19 17:51:02Z INFO CommandSettings] Remove token from Arg dictionary.
[2023-06-19 17:51:03Z INFO ConfigurationManager] Http response code: OK from 'POST https://api.github.com/actions/runner-registration' (9E5A:1918:A47CC1:14EA8D9:64909587)
[2023-06-19 17:51:03Z INFO ConfigurationManager] Using V2 flow: False
[2023-06-19 17:51:03Z INFO ConfigurationManager] cred retrieved via GitHub auth
[2023-06-19 17:51:03Z INFO RunnerServer] EstablishVssConnection
[2023-06-19 17:51:03Z INFO RunnerServer] Establish connection with 100 seconds timeout.
[2023-06-19 17:51:03Z INFO GitHubActionsService] Starting operation Location.GetConnectionData
[2023-06-19 17:51:03Z INFO RunnerServer] EstablishVssConnection
[2023-06-19 17:51:03Z INFO RunnerServer] Establish connection with 60 seconds timeout.
[2023-06-19 17:51:03Z INFO GitHubActionsService] Starting operation Location.GetConnectionData
[2023-06-19 17:51:03Z INFO RunnerServer] EstablishVssConnection
[2023-06-19 17:51:03Z INFO RunnerServer] Establish connection with 60 seconds timeout.
[2023-06-19 17:51:03Z INFO GitHubActionsService] Starting operation Location.GetConnectionData
[2023-06-19 17:51:04Z INFO GitHubActionsService] Finished operation Location.GetConnectionData
[2023-06-19 17:51:04Z INFO GitHubActionsService] Finished operation Location.GetConnectionData
[2023-06-19 17:51:04Z INFO GitHubActionsService] Finished operation Location.GetConnectionData
[2023-06-19 17:51:04Z INFO Terminal] WRITE LINE: 
[2023-06-19 17:51:04Z INFO ConfigurationManager] Test Connection complete.
[2023-06-19 17:51:04Z INFO HostContext] Well known directory 'Bin': '/mnt/SSD1/mrepos/github.com/wilsonify/self-hosted-runner/actions-runner/bin'
[2023-06-19 17:51:04Z INFO HostContext] Well known directory 'Root': '/mnt/SSD1/mrepos/github.com/wilsonify/self-hosted-runner/actions-runner'
[2023-06-19 17:51:04Z INFO HostContext] Well known config file 'RSACredentials': '/mnt/SSD1/mrepos/github.com/wilsonify/self-hosted-runner/actions-runner/.credentials_rsaparams'
[2023-06-19 17:51:04Z INFO RSAFileKeyManager] Creating new RSA key using 2048-bit key length
[2023-06-19 17:51:05Z INFO RSAFileKeyManager] Successfully saved RSA key parameters to file /mnt/SSD1/mrepos/github.com/wilsonify/self-hosted-runner/actions-runner/.credentials_rsaparams
[2023-06-19 17:51:05Z INFO RSAFileKeyManager] Which: 'chmod'
[2023-06-19 17:51:05Z INFO RSAFileKeyManager] Location: '/usr/bin/chmod'
[2023-06-19 17:51:05Z INFO HostContext] Well known directory 'Bin': '/mnt/SSD1/mrepos/github.com/wilsonify/self-hosted-runner/actions-runner/bin'
[2023-06-19 17:51:05Z INFO HostContext] Well known directory 'Root': '/mnt/SSD1/mrepos/github.com/wilsonify/self-hosted-runner/actions-runner'
[2023-06-19 17:51:05Z INFO ProcessInvokerWrapper] Starting process:
[2023-06-19 17:51:05Z INFO ProcessInvokerWrapper]   File name: '/usr/bin/chmod'
[2023-06-19 17:51:05Z INFO ProcessInvokerWrapper]   Arguments: '600 /mnt/SSD1/mrepos/github.com/wilsonify/self-hosted-runner/actions-runner/.credentials_rsaparams'
[2023-06-19 17:51:05Z INFO ProcessInvokerWrapper]   Working directory: '/mnt/SSD1/mrepos/github.com/wilsonify/self-hosted-runner/actions-runner'
[2023-06-19 17:51:05Z INFO ProcessInvokerWrapper]   Require exit code zero: 'False'
[2023-06-19 17:51:05Z INFO ProcessInvokerWrapper]   Encoding web name:  ; code page: ''
[2023-06-19 17:51:05Z INFO ProcessInvokerWrapper]   Force kill process on cancellation: 'False'
[2023-06-19 17:51:05Z INFO ProcessInvokerWrapper]   Redirected STDIN: 'False'
[2023-06-19 17:51:05Z INFO ProcessInvokerWrapper]   Persist current code page: 'False'
[2023-06-19 17:51:05Z INFO ProcessInvokerWrapper]   Keep redirected STDIN open: 'False'
[2023-06-19 17:51:05Z INFO ProcessInvokerWrapper]   High priority process: 'False'
[2023-06-19 17:51:05Z INFO ProcessInvokerWrapper] Process started with process id 42301, waiting for process exit.
[2023-06-19 17:51:05Z INFO ProcessInvokerWrapper] STDOUT/STDERR stream read finished.
[2023-06-19 17:51:05Z INFO ProcessInvokerWrapper] STDOUT/STDERR stream read finished.
[2023-06-19 17:51:05Z INFO ProcessInvokerWrapper] Finished process 42301 with exit code 0, and elapsed time 00:00:00.0095717.
[2023-06-19 17:51:05Z INFO RSAFileKeyManager] Successfully set permissions for RSA key parameters file /mnt/SSD1/mrepos/github.com/wilsonify/self-hosted-runner/actions-runner/.credentials_rsaparams
[2023-06-19 17:51:05Z INFO CommandSettings] Arg 'runnergroup': ''
[2023-06-19 17:51:05Z INFO CommandSettings] Flag 'unattended': 'False'
[2023-06-19 17:51:05Z INFO PromptManager] ReadValue
[2023-06-19 17:51:05Z INFO Terminal] WRITE: Enter the name of the runner group to add this runner to: 
[2023-06-19 17:51:05Z INFO Terminal] WRITE: [press Enter for Default] 
[2023-06-19 17:51:05Z INFO Terminal] READ LINE
[2023-06-19 17:51:11Z INFO Terminal] Read value: ''
[2023-06-19 17:51:11Z INFO PromptManager] Falling back to the default: 'Default'
[2023-06-19 17:51:11Z INFO Terminal] WRITE LINE: 
[2023-06-19 17:51:11Z INFO ConfigurationManager] Found a self-hosted runner group with id 1 and name Default
[2023-06-19 17:51:11Z INFO CommandSettings] Flag 'disableupdate': 'False'
[2023-06-19 17:51:11Z INFO CommandSettings] Flag 'ephemeral': 'False'
[2023-06-19 17:51:11Z INFO CommandSettings] Arg 'name': ''
[2023-06-19 17:51:11Z INFO CommandSettings] Flag 'unattended': 'False'
[2023-06-19 17:51:11Z INFO PromptManager] ReadValue
[2023-06-19 17:51:11Z INFO Terminal] WRITE: Enter the name of runner: 
[2023-06-19 17:51:11Z INFO Terminal] WRITE: [press Enter for thom-asus] 
[2023-06-19 17:51:11Z INFO Terminal] READ LINE
[2023-06-19 17:51:13Z INFO Terminal] Read value: ''
[2023-06-19 17:51:13Z INFO PromptManager] Falling back to the default: 'thom-asus'
[2023-06-19 17:51:13Z INFO Terminal] WRITE LINE: 
[2023-06-19 17:51:13Z INFO CommandSettings] Arg 'labels': ''
[2023-06-19 17:51:13Z INFO CommandSettings] Flag 'unattended': 'False'
[2023-06-19 17:51:13Z INFO PromptManager] ReadValue
[2023-06-19 17:51:13Z INFO Terminal] WRITE: This runner will have the following labels: 'self-hosted', 'Linux', 'X64' 
Enter any additional labels (ex. label-1,label-2): 
[2023-06-19 17:51:13Z INFO Terminal] WRITE: [press Enter to skip] 
[2023-06-19 17:51:13Z INFO Terminal] READ LINE
[2023-06-19 17:51:18Z INFO Terminal] Read value: ''
[2023-06-19 17:51:18Z INFO Terminal] WRITE LINE: 
[2023-06-19 17:51:18Z INFO CommandSettings] Flag 'disableupdate': 'False'
[2023-06-19 17:51:18Z INFO CommandSettings] Flag 'no-default-labels': 'False'
[2023-06-19 17:51:18Z INFO CommandSettings] Flag 'disableupdate': 'False'
[2023-06-19 17:51:18Z INFO CommandSettings] Flag 'ephemeral': 'False'
[2023-06-19 17:51:18Z INFO ConfigurationStore] Saving OAuth credential @ /mnt/SSD1/mrepos/github.com/wilsonify/self-hosted-runner/actions-runner/.credentials
[2023-06-19 17:51:18Z INFO ConfigurationStore] Credentials Saved.
[2023-06-19 17:51:18Z INFO ConfigurationStore] HasCredentials()
[2023-06-19 17:51:18Z INFO ConfigurationStore] stored True
[2023-06-19 17:51:18Z INFO CredentialManager] GetCredentialProvider
[2023-06-19 17:51:18Z INFO CredentialManager] Creating type OAuth
[2023-06-19 17:51:18Z INFO CredentialManager] Creating credential type: OAuth
[2023-06-19 17:51:18Z INFO RSAFileKeyManager] Loading RSA key parameters from file /mnt/SSD1/mrepos/github.com/wilsonify/self-hosted-runner/actions-runner/.credentials_rsaparams
[2023-06-19 17:51:18Z INFO RunnerServer] EstablishVssConnection
[2023-06-19 17:51:18Z INFO RunnerServer] Establish connection with 100 seconds timeout.
[2023-06-19 17:51:18Z INFO GitHubActionsService] Starting operation Location.GetConnectionData
[2023-06-19 17:51:18Z INFO RunnerServer] EstablishVssConnection
[2023-06-19 17:51:18Z INFO RunnerServer] Establish connection with 60 seconds timeout.
[2023-06-19 17:51:18Z INFO GitHubActionsService] Starting operation Location.GetConnectionData
[2023-06-19 17:51:18Z INFO RunnerServer] EstablishVssConnection
[2023-06-19 17:51:18Z INFO RunnerServer] Establish connection with 60 seconds timeout.
[2023-06-19 17:51:18Z INFO GitHubActionsService] Starting operation Location.GetConnectionData
[2023-06-19 17:51:18Z INFO GitHubActionsService] Finished operation Location.GetConnectionData
[2023-06-19 17:51:18Z INFO GitHubActionsService] Finished operation Location.GetConnectionData
[2023-06-19 17:51:18Z INFO GitHubActionsService] Finished operation Location.GetConnectionData
[2023-06-19 17:51:18Z INFO RSAFileKeyManager] Loading RSA key parameters from file /mnt/SSD1/mrepos/github.com/wilsonify/self-hosted-runner/actions-runner/.credentials_rsaparams
[2023-06-19 17:51:18Z INFO RSAFileKeyManager] Loading RSA key parameters from file /mnt/SSD1/mrepos/github.com/wilsonify/self-hosted-runner/actions-runner/.credentials_rsaparams
[2023-06-19 17:51:19Z INFO GitHubActionsService] AAD Correlation ID for this token request: Unknown
[2023-06-19 17:51:19Z INFO CommandSettings] Arg 'work': ''
[2023-06-19 17:51:19Z INFO CommandSettings] Flag 'unattended': 'False'
[2023-06-19 17:51:19Z INFO PromptManager] ReadValue
[2023-06-19 17:51:19Z INFO Terminal] WRITE: Enter name of work folder: 
[2023-06-19 17:51:19Z INFO Terminal] WRITE: [press Enter for _work] 
[2023-06-19 17:51:19Z INFO Terminal] READ LINE
[2023-06-19 17:51:23Z INFO Terminal] Read value: ''
[2023-06-19 17:51:23Z INFO PromptManager] Falling back to the default: '_work'
[2023-06-19 17:51:23Z INFO ConfigurationStore] Saving runner settings.
[2023-06-19 17:51:23Z INFO ConfigurationStore] Settings Saved.
[2023-06-19 17:51:23Z INFO Terminal] WRITE LINE: 
[2023-06-19 17:51:23Z INFO Terminal] WRITE LINE: 
[2023-06-19 17:51:23Z INFO SystemDControlManager] Service name 'actions.runner.wilsonify-wilsonify.github.io.thom-asus.service' display name 'GitHub Actions Runner (wilsonify-wilsonify.github.io.thom-asus)' will be used for service configuration.
[2023-06-19 17:51:23Z INFO HostContext] Well known directory 'Bin': '/mnt/SSD1/mrepos/github.com/wilsonify/self-hosted-runner/actions-runner/bin'
[2023-06-19 17:51:23Z INFO HostContext] Well known directory 'Root': '/mnt/SSD1/mrepos/github.com/wilsonify/self-hosted-runner/actions-runner'
[2023-06-19 17:51:23Z INFO HostContext] Well known directory 'Bin': '/mnt/SSD1/mrepos/github.com/wilsonify/self-hosted-runner/actions-runner/bin'
[2023-06-19 17:51:23Z INFO HostContext] Well known directory 'Bin': '/mnt/SSD1/mrepos/github.com/wilsonify/self-hosted-runner/actions-runner/bin'
[2023-06-19 17:51:23Z INFO HostContext] Well known directory 'Root': '/mnt/SSD1/mrepos/github.com/wilsonify/self-hosted-runner/actions-runner'
[2023-06-19 17:51:23Z INFO UnixUtil] Which: 'chmod'
[2023-06-19 17:51:23Z INFO UnixUtil] Location: '/usr/bin/chmod'
[2023-06-19 17:51:23Z INFO UnixUtil] Running /usr/bin/chmod 755 "/mnt/SSD1/mrepos/github.com/wilsonify/self-hosted-runner/actions-runner/svc.sh"
[2023-06-19 17:51:23Z INFO ProcessInvokerWrapper] Starting process:
[2023-06-19 17:51:23Z INFO ProcessInvokerWrapper]   File name: '/usr/bin/chmod'
[2023-06-19 17:51:23Z INFO ProcessInvokerWrapper]   Arguments: '755 "/mnt/SSD1/mrepos/github.com/wilsonify/self-hosted-runner/actions-runner/svc.sh"'
[2023-06-19 17:51:23Z INFO ProcessInvokerWrapper]   Working directory: '/mnt/SSD1/mrepos/github.com/wilsonify/self-hosted-runner/actions-runner'
[2023-06-19 17:51:23Z INFO ProcessInvokerWrapper]   Require exit code zero: 'True'
[2023-06-19 17:51:23Z INFO ProcessInvokerWrapper]   Encoding web name:  ; code page: ''
[2023-06-19 17:51:23Z INFO ProcessInvokerWrapper]   Force kill process on cancellation: 'False'
[2023-06-19 17:51:23Z INFO ProcessInvokerWrapper]   Redirected STDIN: 'False'
[2023-06-19 17:51:23Z INFO ProcessInvokerWrapper]   Persist current code page: 'False'
[2023-06-19 17:51:23Z INFO ProcessInvokerWrapper]   Keep redirected STDIN open: 'False'
[2023-06-19 17:51:23Z INFO ProcessInvokerWrapper]   High priority process: 'False'
[2023-06-19 17:51:23Z INFO ProcessInvokerWrapper] Updated oom_score_adj to 500 for PID: 42306.
[2023-06-19 17:51:23Z INFO ProcessInvokerWrapper] Process started with process id 42306, waiting for process exit.
[2023-06-19 17:51:23Z INFO ProcessInvokerWrapper] STDOUT/STDERR stream read finished.
[2023-06-19 17:51:23Z INFO ProcessInvokerWrapper] STDOUT/STDERR stream read finished.
[2023-06-19 17:51:23Z INFO ProcessInvokerWrapper] Finished process 42306 with exit code 0, and elapsed time 00:00:00.0016469.
[2023-06-19 17:51:23Z INFO Listener] Runner execution has finished with return code 0
